PLINK v1.90b6.26 64-bit (2 Apr 2022)
Options in effect:
  --file toy
  --freq
  --out toy_analysis

Hostname: SOMINF-8031
Working directory: /Users/asshah4/projects/afib/plink
Start time: Tue Sep 13 11:28:00 2022

Random number seed: 1663086480
98304 MB RAM detected; reserving 49152 MB for main workspace.
Scanning .ped file... done.
Performing single-pass .bed write (2 variants, 2 people).
--file: toy_analysis-temporary.bed + toy_analysis-temporary.bim +
toy_analysis-temporary.fam written.
2 variants loaded from .bim file.
2 people (2 males, 0 females) loaded from .fam.
2 phenotype values loaded from .fam.
Using 1 thread (no multithreaded calculations invoked).
Before main variant filters, 2 founders and 0 nonfounders present.
Calculating allele frequencies... done.
Total genotyping rate is 0.75.
--freq: Allele frequencies (founders only) written to toy_analysis.frq .

End time: Tue Sep 13 11:28:00 2022
